Reading ./data/character_20.ppm File Data ...
Generating Huffman Tree ...
Compressing data ...
Generating Huffman Table ...
Decoding test ...
Huffman Table
10 Convert To 100000110.
32 Convert To 01.
48 Convert To 1010.
49 Convert To 10010.
50 Convert To 11.
51 Convert To 10001.
52 Convert To 1011.
53 Convert To 00.
54 Convert To 1000000.
55 Convert To 10011.
56 Convert To 100001.
57 Convert To 10000010.
80 Convert To 100000111.
Decoding Process Success!
Original Size : 28977848[bits]
Comprssed Bitstream Size : 9514106[bits]
Comprssion Ratio : 3.04578
