Reading ./data/character_12.ppm File Data ...
Generating Huffman Tree ...
Compressing data ...
Generating Huffman Table ...
Decoding test ...
Huffman Table
10 Convert To 101101110.
32 Convert To 01.
48 Convert To 1001.
49 Convert To 10000.
50 Convert To 11.
51 Convert To 10001.
52 Convert To 1010.
53 Convert To 00.
54 Convert To 10111.
55 Convert To 101100.
56 Convert To 1011010.
57 Convert To 10110110.
80 Convert To 101101111.
Decoding Process Success!
Original Size : 29636608[bits]
Comprssed Bitstream Size : 9396408[bits]
Comprssion Ratio : 3.15404
