Reading ./data/character_23.ppm File Data ...
Generating Huffman Tree ...
Compressing data ...
Generating Huffman Table ...
Decoding test ...
Huffman Table
10 Convert To 100010110.
32 Convert To 01.
48 Convert To 1010.
49 Convert To 10110.
50 Convert To 11.
51 Convert To 10000.
52 Convert To 1001.
53 Convert To 00.
54 Convert To 10111.
55 Convert To 1000100.
56 Convert To 100011.
57 Convert To 10001010.
80 Convert To 100010111.
Decoding Process Success!
Original Size : 29871304[bits]
Comprssed Bitstream Size : 9548034[bits]
Comprssion Ratio : 3.12853
