Reading ./data/character_1.ppm File Data ...
Generating Huffman Tree ...
Compressing data ...
Generating Huffman Table ...
Decoding test ...
Huffman Table
10 Convert To 00101001110.
32 Convert To 01.
48 Convert To 00100.
49 Convert To 001011.
50 Convert To 000.
51 Convert To 00111.
52 Convert To 00110.
53 Convert To 1.
54 Convert To 00101000.
55 Convert To 0010101.
56 Convert To 001010010.
57 Convert To 0010100110.
80 Convert To 00101001111.
Decoding Process Success!
Original Size : 30593424[bits]
Comprssed Bitstream Size : 8936477[bits]
Comprssion Ratio : 3.42343
