Reading ./data/character_18.ppm File Data ...
Generating Huffman Tree ...
Compressing data ...
Generating Huffman Table ...
Decoding test ...
Huffman Table
10 Convert To 111001110.
32 Convert To 01.
48 Convert To 1100.
49 Convert To 11101.
50 Convert To 10.
51 Convert To 1111.
52 Convert To 1101.
53 Convert To 00.
54 Convert To 1110001.
55 Convert To 1110000.
56 Convert To 1110010.
57 Convert To 11100110.
80 Convert To 111001111.
Decoding Process Success!
Original Size : 29846824[bits]
Comprssed Bitstream Size : 9165363[bits]
Comprssion Ratio : 3.25648
