Reading ./data/character_5.ppm File Data ...
Generating Huffman Tree ...
Compressing data ...
Generating Huffman Table ...
Decoding test ...
Huffman Table
10 Convert To 11101110.
32 Convert To 01.
48 Convert To 1100.
49 Convert To 11010.
50 Convert To 10.
51 Convert To 11011.
52 Convert To 1111.
53 Convert To 00.
54 Convert To 111001.
55 Convert To 111010.
56 Convert To 111000.
57 Convert To 1110110.
80 Convert To 11101111.
Decoding Process Success!
Original Size : 29564040[bits]
Comprssed Bitstream Size : 9246047[bits]
Comprssion Ratio : 3.19748
