Reading ./data/character_10.ppm File Data ...
Generating Huffman Tree ...
Compressing data ...
Generating Huffman Table ...
Decoding test ...
Huffman Table
10 Convert To 111101110.
32 Convert To 01.
48 Convert To 1100.
49 Convert To 11011.
50 Convert To 10.
51 Convert To 11010.
52 Convert To 1110.
53 Convert To 00.
54 Convert To 111100.
55 Convert To 11111.
56 Convert To 1111010.
57 Convert To 11110110.
80 Convert To 111101111.
Decoding Process Success!
Original Size : 30169744[bits]
Comprssed Bitstream Size : 9178070[bits]
Comprssion Ratio : 3.28716
